2023-06-07 14:06:43.143 [INF] Application is starting...
2023-06-07 14:07:02.378 [INF] LogHeartBeatMiddleware.Invoke
2023-06-07 14:07:02.383 [INF] LogErrorHandlerMiddleware.Invoke
2023-06-07 14:07:02.385 [INF] LogRequestLoggingMiddleware.Invoke
2023-06-07 14:07:02.875 [FTL] Path=/simapi/v1/DapperCategory || Method=GET || Exception=Unable to resolve service for type 'SimApi.Operation.IDapperCategoryService' while attempting to activate 'SimApi.Service.DapperCategoryController'.
2023-06-07 14:07:02.933 [ERR] An unhandled exception has occurred while executing the request.
System.ObjectDisposedException: Cannot access a disposed object.
Object name: 'The stream with Id 93a15b65-f31b-4ddd-bce8-409a79c3978c and Tag  is disposed.'.
   at Microsoft.IO.RecyclableMemoryStream.ThrowDisposedException() in /_/src/RecyclableMemoryStream.cs:line 1453
   at Microsoft.IO.RecyclableMemoryStream.Write(Byte[] buffer, Int32 offset, Int32 count) in /_/src/RecyclableMemoryStream.cs:line 997
   at System.IO.MemoryStream.WriteAsync(ReadOnlyMemory`1 buffer, CancellationToken cancellationToken)
--- End of stack trace from previous location ---
   at System.IO.Pipelines.StreamPipeWriter.FlushAsyncInternal(Boolean writeToStream, ReadOnlyMemory`1 data, CancellationToken cancellationToken)
   at SimApi.Service.Middleware.ErrorHandlerMiddleware.Invoke(HttpContext context) in C:\Users\bedir\Documents\workspace\C#\4- Simpra .Net Bootcamp\Assignments\aw4-bedirhansiyam\SimApi\SimApi\Middleware\ErrorHandlerMiddleware.cs:line 33
   at SimApi.Service.Middleware.HeartBeatMiddleware.Invoke(HttpContext context) in C:\Users\bedir\Documents\workspace\C#\4- Simpra .Net Bootcamp\Assignments\aw4-bedirhansiyam\SimApi\SimApi\Middleware\HeartBeatMiddleware.cs:line 25
   at Swashbuckle.AspNetCore.SwaggerUI.SwaggerUIMiddleware.Invoke(HttpContext httpContext)
   at Swashbuckle.AspNetCore.Swagger.SwaggerMiddleware.Invoke(HttpContext httpContext, ISwaggerProvider swaggerProvider)
   at Microsoft.AspNetCore.Diagnostics.DeveloperExceptionPageMiddleware.Invoke(HttpContext context)
2023-06-07 14:07:03.023 [ERR] An exception was thrown attempting to display the error page.
System.ObjectDisposedException: Cannot access a disposed object.
Object name: 'The stream with Id 93a15b65-f31b-4ddd-bce8-409a79c3978c and Tag  is disposed.'.
   at Microsoft.IO.RecyclableMemoryStream.ThrowDisposedException() in /_/src/RecyclableMemoryStream.cs:line 1453
   at Microsoft.IO.RecyclableMemoryStream.Write(Byte[] buffer, Int32 offset, Int32 count) in /_/src/RecyclableMemoryStream.cs:line 997
   at System.IO.MemoryStream.WriteAsync(ReadOnlyMemory`1 buffer, CancellationToken cancellationToken)
--- End of stack trace from previous location ---
   at System.IO.Pipelines.StreamPipeWriter.FlushAsyncInternal(Boolean writeToStream, ReadOnlyMemory`1 data, CancellationToken cancellationToken)
   at Microsoft.AspNetCore.Diagnostics.DeveloperExceptionPageMiddleware.Invoke(HttpContext context)
2023-06-07 14:07:03.034 [ERR] Connection id "0HMR77RJV1UTG", Request id "0HMR77RJV1UTG:00000009": An unhandled exception was thrown by the application.
System.ObjectDisposedException: Cannot access a disposed object.
Object name: 'The stream with Id 93a15b65-f31b-4ddd-bce8-409a79c3978c and Tag  is disposed.'.
   at Microsoft.IO.RecyclableMemoryStream.ThrowDisposedException() in /_/src/RecyclableMemoryStream.cs:line 1453
   at Microsoft.IO.RecyclableMemoryStream.Write(Byte[] buffer, Int32 offset, Int32 count) in /_/src/RecyclableMemoryStream.cs:line 997
   at System.IO.MemoryStream.WriteAsync(ReadOnlyMemory`1 buffer, CancellationToken cancellationToken)
--- End of stack trace from previous location ---
   at System.IO.Pipelines.StreamPipeWriter.FlushAsyncInternal(Boolean writeToStream, ReadOnlyMemory`1 data, CancellationToken cancellationToken)
   at SimApi.Service.Middleware.ErrorHandlerMiddleware.Invoke(HttpContext context) in C:\Users\bedir\Documents\workspace\C#\4- Simpra .Net Bootcamp\Assignments\aw4-bedirhansiyam\SimApi\SimApi\Middleware\ErrorHandlerMiddleware.cs:line 33
   at SimApi.Service.Middleware.HeartBeatMiddleware.Invoke(HttpContext context) in C:\Users\bedir\Documents\workspace\C#\4- Simpra .Net Bootcamp\Assignments\aw4-bedirhansiyam\SimApi\SimApi\Middleware\HeartBeatMiddleware.cs:line 25
   at Swashbuckle.AspNetCore.SwaggerUI.SwaggerUIMiddleware.Invoke(HttpContext httpContext)
   at Swashbuckle.AspNetCore.Swagger.SwaggerMiddleware.Invoke(HttpContext httpContext, ISwaggerProvider swaggerProvider)
   at Microsoft.AspNetCore.Diagnostics.DeveloperExceptionPageMiddleware.Invoke(HttpContext context)
   at Microsoft.AspNetCore.Diagnostics.DeveloperExceptionPageMiddleware.Invoke(HttpContext context)
   at Microsoft.AspNetCore.Watch.BrowserRefresh.BrowserRefreshMiddleware.InvokeAsync(HttpContext context)
   at Microsoft.AspNetCore.Server.Kestrel.Core.Internal.Http.HttpProtocol.ProcessRequests[TContext](IHttpApplication`1 application)
2023-06-07 14:07:26.067 [INF] LogHeartBeatMiddleware.Invoke
2023-06-07 14:07:26.079 [INF] LogErrorHandlerMiddleware.Invoke
2023-06-07 14:07:26.081 [INF] LogRequestLoggingMiddleware.Invoke
2023-06-07 14:07:26.143 [FTL] Path=/simapi/v1/DapperCategory || Method=GET || Exception=Unable to resolve service for type 'SimApi.Operation.IDapperCategoryService' while attempting to activate 'SimApi.Service.DapperCategoryController'.
2023-06-07 14:07:26.191 [ERR] An unhandled exception has occurred while executing the request.
System.ObjectDisposedException: Cannot access a disposed object.
Object name: 'The stream with Id a4e35906-53ac-4548-bffe-92fe796a78dc and Tag  is disposed.'.
   at Microsoft.IO.RecyclableMemoryStream.ThrowDisposedException() in /_/src/RecyclableMemoryStream.cs:line 1453
   at Microsoft.IO.RecyclableMemoryStream.Write(Byte[] buffer, Int32 offset, Int32 count) in /_/src/RecyclableMemoryStream.cs:line 997
   at System.IO.MemoryStream.WriteAsync(ReadOnlyMemory`1 buffer, CancellationToken cancellationToken)
--- End of stack trace from previous location ---
   at System.IO.Pipelines.StreamPipeWriter.FlushAsyncInternal(Boolean writeToStream, ReadOnlyMemory`1 data, CancellationToken cancellationToken)
   at SimApi.Service.Middleware.ErrorHandlerMiddleware.Invoke(HttpContext context) in C:\Users\bedir\Documents\workspace\C#\4- Simpra .Net Bootcamp\Assignments\aw4-bedirhansiyam\SimApi\SimApi\Middleware\ErrorHandlerMiddleware.cs:line 33
   at SimApi.Service.Middleware.HeartBeatMiddleware.Invoke(HttpContext context) in C:\Users\bedir\Documents\workspace\C#\4- Simpra .Net Bootcamp\Assignments\aw4-bedirhansiyam\SimApi\SimApi\Middleware\HeartBeatMiddleware.cs:line 25
   at Swashbuckle.AspNetCore.SwaggerUI.SwaggerUIMiddleware.Invoke(HttpContext httpContext)
   at Swashbuckle.AspNetCore.Swagger.SwaggerMiddleware.Invoke(HttpContext httpContext, ISwaggerProvider swaggerProvider)
   at Microsoft.AspNetCore.Diagnostics.DeveloperExceptionPageMiddleware.Invoke(HttpContext context)
2023-06-07 14:07:26.199 [ERR] An exception was thrown attempting to display the error page.
System.ObjectDisposedException: Cannot access a disposed object.
Object name: 'The stream with Id a4e35906-53ac-4548-bffe-92fe796a78dc and Tag  is disposed.'.
   at Microsoft.IO.RecyclableMemoryStream.ThrowDisposedException() in /_/src/RecyclableMemoryStream.cs:line 1453
   at Microsoft.IO.RecyclableMemoryStream.Write(Byte[] buffer, Int32 offset, Int32 count) in /_/src/RecyclableMemoryStream.cs:line 997
   at System.IO.MemoryStream.WriteAsync(ReadOnlyMemory`1 buffer, CancellationToken cancellationToken)
--- End of stack trace from previous location ---
   at System.IO.Pipelines.StreamPipeWriter.FlushAsyncInternal(Boolean writeToStream, ReadOnlyMemory`1 data, CancellationToken cancellationToken)
   at Microsoft.AspNetCore.Diagnostics.DeveloperExceptionPageMiddleware.Invoke(HttpContext context)
2023-06-07 14:07:26.203 [ERR] Connection id "0HMR77RJV1UTG", Request id "0HMR77RJV1UTG:0000000B": An unhandled exception was thrown by the application.
System.ObjectDisposedException: Cannot access a disposed object.
Object name: 'The stream with Id a4e35906-53ac-4548-bffe-92fe796a78dc and Tag  is disposed.'.
   at Microsoft.IO.RecyclableMemoryStream.ThrowDisposedException() in /_/src/RecyclableMemoryStream.cs:line 1453
   at Microsoft.IO.RecyclableMemoryStream.Write(Byte[] buffer, Int32 offset, Int32 count) in /_/src/RecyclableMemoryStream.cs:line 997
   at System.IO.MemoryStream.WriteAsync(ReadOnlyMemory`1 buffer, CancellationToken cancellationToken)
--- End of stack trace from previous location ---
   at System.IO.Pipelines.StreamPipeWriter.FlushAsyncInternal(Boolean writeToStream, ReadOnlyMemory`1 data, CancellationToken cancellationToken)
   at SimApi.Service.Middleware.ErrorHandlerMiddleware.Invoke(HttpContext context) in C:\Users\bedir\Documents\workspace\C#\4- Simpra .Net Bootcamp\Assignments\aw4-bedirhansiyam\SimApi\SimApi\Middleware\ErrorHandlerMiddleware.cs:line 33
   at SimApi.Service.Middleware.HeartBeatMiddleware.Invoke(HttpContext context) in C:\Users\bedir\Documents\workspace\C#\4- Simpra .Net Bootcamp\Assignments\aw4-bedirhansiyam\SimApi\SimApi\Middleware\HeartBeatMiddleware.cs:line 25
   at Swashbuckle.AspNetCore.SwaggerUI.SwaggerUIMiddleware.Invoke(HttpContext httpContext)
   at Swashbuckle.AspNetCore.Swagger.SwaggerMiddleware.Invoke(HttpContext httpContext, ISwaggerProvider swaggerProvider)
   at Microsoft.AspNetCore.Diagnostics.DeveloperExceptionPageMiddleware.Invoke(HttpContext context)
   at Microsoft.AspNetCore.Diagnostics.DeveloperExceptionPageMiddleware.Invoke(HttpContext context)
   at Microsoft.AspNetCore.Watch.BrowserRefresh.BrowserRefreshMiddleware.InvokeAsync(HttpContext context)
   at Microsoft.AspNetCore.Server.Kestrel.Core.Internal.Http.HttpProtocol.ProcessRequests[TContext](IHttpApplication`1 application)
2023-06-07 14:07:29.517 [INF] LogHeartBeatMiddleware.Invoke
2023-06-07 14:07:29.520 [INF] LogErrorHandlerMiddleware.Invoke
2023-06-07 14:07:29.522 [INF] LogRequestLoggingMiddleware.Invoke
2023-06-07 14:07:29.582 [FTL] Path=/simapi/v1/DapperCategory || Method=GET || Exception=Unable to resolve service for type 'SimApi.Operation.IDapperCategoryService' while attempting to activate 'SimApi.Service.DapperCategoryController'.
2023-06-07 14:07:29.629 [ERR] An unhandled exception has occurred while executing the request.
System.ObjectDisposedException: Cannot access a disposed object.
Object name: 'The stream with Id 4a016d1c-4c1d-41d2-aa66-a1e02cc2df90 and Tag  is disposed.'.
   at Microsoft.IO.RecyclableMemoryStream.ThrowDisposedException() in /_/src/RecyclableMemoryStream.cs:line 1453
   at Microsoft.IO.RecyclableMemoryStream.Write(Byte[] buffer, Int32 offset, Int32 count) in /_/src/RecyclableMemoryStream.cs:line 997
   at System.IO.MemoryStream.WriteAsync(ReadOnlyMemory`1 buffer, CancellationToken cancellationToken)
--- End of stack trace from previous location ---
   at System.IO.Pipelines.StreamPipeWriter.FlushAsyncInternal(Boolean writeToStream, ReadOnlyMemory`1 data, CancellationToken cancellationToken)
   at SimApi.Service.Middleware.ErrorHandlerMiddleware.Invoke(HttpContext context) in C:\Users\bedir\Documents\workspace\C#\4- Simpra .Net Bootcamp\Assignments\aw4-bedirhansiyam\SimApi\SimApi\Middleware\ErrorHandlerMiddleware.cs:line 33
   at SimApi.Service.Middleware.HeartBeatMiddleware.Invoke(HttpContext context) in C:\Users\bedir\Documents\workspace\C#\4- Simpra .Net Bootcamp\Assignments\aw4-bedirhansiyam\SimApi\SimApi\Middleware\HeartBeatMiddleware.cs:line 25
   at Swashbuckle.AspNetCore.SwaggerUI.SwaggerUIMiddleware.Invoke(HttpContext httpContext)
   at Swashbuckle.AspNetCore.Swagger.SwaggerMiddleware.Invoke(HttpContext httpContext, ISwaggerProvider swaggerProvider)
   at Microsoft.AspNetCore.Diagnostics.DeveloperExceptionPageMiddleware.Invoke(HttpContext context)
2023-06-07 14:07:29.635 [ERR] An exception was thrown attempting to display the error page.
System.ObjectDisposedException: Cannot access a disposed object.
Object name: 'The stream with Id 4a016d1c-4c1d-41d2-aa66-a1e02cc2df90 and Tag  is disposed.'.
   at Microsoft.IO.RecyclableMemoryStream.ThrowDisposedException() in /_/src/RecyclableMemoryStream.cs:line 1453
   at Microsoft.IO.RecyclableMemoryStream.Write(Byte[] buffer, Int32 offset, Int32 count) in /_/src/RecyclableMemoryStream.cs:line 997
   at System.IO.MemoryStream.WriteAsync(ReadOnlyMemory`1 buffer, CancellationToken cancellationToken)
--- End of stack trace from previous location ---
   at System.IO.Pipelines.StreamPipeWriter.FlushAsyncInternal(Boolean writeToStream, ReadOnlyMemory`1 data, CancellationToken cancellationToken)
   at Microsoft.AspNetCore.Diagnostics.DeveloperExceptionPageMiddleware.Invoke(HttpContext context)
2023-06-07 14:07:29.640 [ERR] Connection id "0HMR77RJV1UTG", Request id "0HMR77RJV1UTG:0000000D": An unhandled exception was thrown by the application.
System.ObjectDisposedException: Cannot access a disposed object.
Object name: 'The stream with Id 4a016d1c-4c1d-41d2-aa66-a1e02cc2df90 and Tag  is disposed.'.
   at Microsoft.IO.RecyclableMemoryStream.ThrowDisposedException() in /_/src/RecyclableMemoryStream.cs:line 1453
   at Microsoft.IO.RecyclableMemoryStream.Write(Byte[] buffer, Int32 offset, Int32 count) in /_/src/RecyclableMemoryStream.cs:line 997
   at System.IO.MemoryStream.WriteAsync(ReadOnlyMemory`1 buffer, CancellationToken cancellationToken)
--- End of stack trace from previous location ---
   at System.IO.Pipelines.StreamPipeWriter.FlushAsyncInternal(Boolean writeToStream, ReadOnlyMemory`1 data, CancellationToken cancellationToken)
   at SimApi.Service.Middleware.ErrorHandlerMiddleware.Invoke(HttpContext context) in C:\Users\bedir\Documents\workspace\C#\4- Simpra .Net Bootcamp\Assignments\aw4-bedirhansiyam\SimApi\SimApi\Middleware\ErrorHandlerMiddleware.cs:line 33
   at SimApi.Service.Middleware.HeartBeatMiddleware.Invoke(HttpContext context) in C:\Users\bedir\Documents\workspace\C#\4- Simpra .Net Bootcamp\Assignments\aw4-bedirhansiyam\SimApi\SimApi\Middleware\HeartBeatMiddleware.cs:line 25
   at Swashbuckle.AspNetCore.SwaggerUI.SwaggerUIMiddleware.Invoke(HttpContext httpContext)
   at Swashbuckle.AspNetCore.Swagger.SwaggerMiddleware.Invoke(HttpContext httpContext, ISwaggerProvider swaggerProvider)
   at Microsoft.AspNetCore.Diagnostics.DeveloperExceptionPageMiddleware.Invoke(HttpContext context)
   at Microsoft.AspNetCore.Diagnostics.DeveloperExceptionPageMiddleware.Invoke(HttpContext context)
   at Microsoft.AspNetCore.Watch.BrowserRefresh.BrowserRefreshMiddleware.InvokeAsync(HttpContext context)
   at Microsoft.AspNetCore.Server.Kestrel.Core.Internal.Http.HttpProtocol.ProcessRequests[TContext](IHttpApplication`1 application)
2023-06-07 14:07:53.622 [INF] LogHeartBeatMiddleware.Invoke
2023-06-07 14:07:53.629 [INF] LogErrorHandlerMiddleware.Invoke
2023-06-07 14:07:53.630 [INF] LogRequestLoggingMiddleware.Invoke
2023-06-07 14:07:55.008 [WRN] The 'bool' property 'IsValid' on entity type 'Account' is configured with a database-generated default. This default will always be used for inserts when the property has the value 'false', since this is the CLR default for the 'bool' type. Consider using the nullable 'bool?' type instead, so that the default will only be used for inserts when the property value is 'null'.
2023-06-07 14:07:55.011 [WRN] The 'bool' property 'IsValid' on entity type 'Customer' is configured with a database-generated default. This default will always be used for inserts when the property has the value 'false', since this is the CLR default for the 'bool' type. Consider using the nullable 'bool?' type instead, so that the default will only be used for inserts when the property value is 'null'.
2023-06-07 14:07:55.964 [INF] -------------Request-Begin------------
2023-06-07 14:07:55.977 [INF] Http Request Information: 
Schema:https 
Host: localhost:7235 
Path: /simapi/v1/Category 
QueryString:  
Request Body: 
2023-06-07 14:07:55.979 [INF] 

2023-06-07 14:07:55.980 [INF] Http Response Information: 
Schema:https 
Host: localhost:7235 
Path: /simapi/v1/Category 
QueryString:  
StatusCode: 200 
Response Body: [{"name":"sssss","order":2,"id":1},{"name":"string","order":5,"id":2},{"name":"stsadsdadring","order":1,"id":3},{"name":"strasdasding","order":2,"id":4},{"name":"aaaa","order":2,"id":5}]
2023-06-07 14:07:55.983 [INF] -------------Request-End------------
2023-06-07 14:08:00.708 [INF] LogHeartBeatMiddleware.Invoke
2023-06-07 14:08:00.710 [INF] LogErrorHandlerMiddleware.Invoke
2023-06-07 14:08:00.712 [INF] LogRequestLoggingMiddleware.Invoke
2023-06-07 14:08:00.762 [FTL] Path=/simapi/v1/DapperCategory || Method=GET || Exception=Unable to resolve service for type 'SimApi.Operation.IDapperCategoryService' while attempting to activate 'SimApi.Service.DapperCategoryController'.
2023-06-07 14:08:00.810 [ERR] An unhandled exception has occurred while executing the request.
System.ObjectDisposedException: Cannot access a disposed object.
Object name: 'The stream with Id d268f28e-caef-44bc-8ae5-c59dac1ef1a6 and Tag  is disposed.'.
   at Microsoft.IO.RecyclableMemoryStream.ThrowDisposedException() in /_/src/RecyclableMemoryStream.cs:line 1453
   at Microsoft.IO.RecyclableMemoryStream.Write(Byte[] buffer, Int32 offset, Int32 count) in /_/src/RecyclableMemoryStream.cs:line 997
   at System.IO.MemoryStream.WriteAsync(ReadOnlyMemory`1 buffer, CancellationToken cancellationToken)
--- End of stack trace from previous location ---
   at System.IO.Pipelines.StreamPipeWriter.FlushAsyncInternal(Boolean writeToStream, ReadOnlyMemory`1 data, CancellationToken cancellationToken)
   at SimApi.Service.Middleware.ErrorHandlerMiddleware.Invoke(HttpContext context) in C:\Users\bedir\Documents\workspace\C#\4- Simpra .Net Bootcamp\Assignments\aw4-bedirhansiyam\SimApi\SimApi\Middleware\ErrorHandlerMiddleware.cs:line 33
   at SimApi.Service.Middleware.HeartBeatMiddleware.Invoke(HttpContext context) in C:\Users\bedir\Documents\workspace\C#\4- Simpra .Net Bootcamp\Assignments\aw4-bedirhansiyam\SimApi\SimApi\Middleware\HeartBeatMiddleware.cs:line 25
   at Swashbuckle.AspNetCore.SwaggerUI.SwaggerUIMiddleware.Invoke(HttpContext httpContext)
   at Swashbuckle.AspNetCore.Swagger.SwaggerMiddleware.Invoke(HttpContext httpContext, ISwaggerProvider swaggerProvider)
   at Microsoft.AspNetCore.Diagnostics.DeveloperExceptionPageMiddleware.Invoke(HttpContext context)
2023-06-07 14:08:00.817 [ERR] An exception was thrown attempting to display the error page.
System.ObjectDisposedException: Cannot access a disposed object.
Object name: 'The stream with Id d268f28e-caef-44bc-8ae5-c59dac1ef1a6 and Tag  is disposed.'.
   at Microsoft.IO.RecyclableMemoryStream.ThrowDisposedException() in /_/src/RecyclableMemoryStream.cs:line 1453
   at Microsoft.IO.RecyclableMemoryStream.Write(Byte[] buffer, Int32 offset, Int32 count) in /_/src/RecyclableMemoryStream.cs:line 997
   at System.IO.MemoryStream.WriteAsync(ReadOnlyMemory`1 buffer, CancellationToken cancellationToken)
--- End of stack trace from previous location ---
   at System.IO.Pipelines.StreamPipeWriter.FlushAsyncInternal(Boolean writeToStream, ReadOnlyMemory`1 data, CancellationToken cancellationToken)
   at Microsoft.AspNetCore.Diagnostics.DeveloperExceptionPageMiddleware.Invoke(HttpContext context)
2023-06-07 14:08:00.821 [ERR] Connection id "0HMR77RJV1UTG", Request id "0HMR77RJV1UTG:00000011": An unhandled exception was thrown by the application.
System.ObjectDisposedException: Cannot access a disposed object.
Object name: 'The stream with Id d268f28e-caef-44bc-8ae5-c59dac1ef1a6 and Tag  is disposed.'.
   at Microsoft.IO.RecyclableMemoryStream.ThrowDisposedException() in /_/src/RecyclableMemoryStream.cs:line 1453
   at Microsoft.IO.RecyclableMemoryStream.Write(Byte[] buffer, Int32 offset, Int32 count) in /_/src/RecyclableMemoryStream.cs:line 997
   at System.IO.MemoryStream.WriteAsync(ReadOnlyMemory`1 buffer, CancellationToken cancellationToken)
--- End of stack trace from previous location ---
   at System.IO.Pipelines.StreamPipeWriter.FlushAsyncInternal(Boolean writeToStream, ReadOnlyMemory`1 data, CancellationToken cancellationToken)
   at SimApi.Service.Middleware.ErrorHandlerMiddleware.Invoke(HttpContext context) in C:\Users\bedir\Documents\workspace\C#\4- Simpra .Net Bootcamp\Assignments\aw4-bedirhansiyam\SimApi\SimApi\Middleware\ErrorHandlerMiddleware.cs:line 33
   at SimApi.Service.Middleware.HeartBeatMiddleware.Invoke(HttpContext context) in C:\Users\bedir\Documents\workspace\C#\4- Simpra .Net Bootcamp\Assignments\aw4-bedirhansiyam\SimApi\SimApi\Middleware\HeartBeatMiddleware.cs:line 25
   at Swashbuckle.AspNetCore.SwaggerUI.SwaggerUIMiddleware.Invoke(HttpContext httpContext)
   at Swashbuckle.AspNetCore.Swagger.SwaggerMiddleware.Invoke(HttpContext httpContext, ISwaggerProvider swaggerProvider)
   at Microsoft.AspNetCore.Diagnostics.DeveloperExceptionPageMiddleware.Invoke(HttpContext context)
   at Microsoft.AspNetCore.Diagnostics.DeveloperExceptionPageMiddleware.Invoke(HttpContext context)
   at Microsoft.AspNetCore.Watch.BrowserRefresh.BrowserRefreshMiddleware.InvokeAsync(HttpContext context)
   at Microsoft.AspNetCore.Server.Kestrel.Core.Internal.Http.HttpProtocol.ProcessRequests[TContext](IHttpApplication`1 application)
2023-06-07 14:08:47.271 [INF] Application is starting...
2023-06-07 14:08:57.345 [INF] LogHeartBeatMiddleware.Invoke
2023-06-07 14:08:57.349 [INF] LogErrorHandlerMiddleware.Invoke
2023-06-07 14:08:57.352 [INF] LogRequestLoggingMiddleware.Invoke
2023-06-07 14:08:57.566 [FTL] Path=/simapi/v1/DapperCategory || Method=GET || Exception=Unable to resolve service for type 'SimApi.Operation.IDapperCategoryService' while attempting to activate 'SimApi.Service.DapperCategoryController'.
2023-06-07 14:08:57.621 [ERR] An unhandled exception has occurred while executing the request.
System.ObjectDisposedException: Cannot access a disposed object.
Object name: 'The stream with Id d5012da8-f18f-4195-a3af-16f9e5d07087 and Tag  is disposed.'.
   at Microsoft.IO.RecyclableMemoryStream.ThrowDisposedException() in /_/src/RecyclableMemoryStream.cs:line 1453
   at Microsoft.IO.RecyclableMemoryStream.Write(Byte[] buffer, Int32 offset, Int32 count) in /_/src/RecyclableMemoryStream.cs:line 997
   at System.IO.MemoryStream.WriteAsync(ReadOnlyMemory`1 buffer, CancellationToken cancellationToken)
--- End of stack trace from previous location ---
   at System.IO.Pipelines.StreamPipeWriter.FlushAsyncInternal(Boolean writeToStream, ReadOnlyMemory`1 data, CancellationToken cancellationToken)
   at SimApi.Service.Middleware.ErrorHandlerMiddleware.Invoke(HttpContext context) in C:\Users\bedir\Documents\workspace\C#\4- Simpra .Net Bootcamp\Assignments\aw4-bedirhansiyam\SimApi\SimApi\Middleware\ErrorHandlerMiddleware.cs:line 33
   at SimApi.Service.Middleware.HeartBeatMiddleware.Invoke(HttpContext context) in C:\Users\bedir\Documents\workspace\C#\4- Simpra .Net Bootcamp\Assignments\aw4-bedirhansiyam\SimApi\SimApi\Middleware\HeartBeatMiddleware.cs:line 25
   at Swashbuckle.AspNetCore.SwaggerUI.SwaggerUIMiddleware.Invoke(HttpContext httpContext)
   at Swashbuckle.AspNetCore.Swagger.SwaggerMiddleware.Invoke(HttpContext httpContext, ISwaggerProvider swaggerProvider)
   at Microsoft.AspNetCore.Diagnostics.DeveloperExceptionPageMiddleware.Invoke(HttpContext context)
2023-06-07 14:08:57.688 [ERR] An exception was thrown attempting to display the error page.
System.ObjectDisposedException: Cannot access a disposed object.
Object name: 'The stream with Id d5012da8-f18f-4195-a3af-16f9e5d07087 and Tag  is disposed.'.
   at Microsoft.IO.RecyclableMemoryStream.ThrowDisposedException() in /_/src/RecyclableMemoryStream.cs:line 1453
   at Microsoft.IO.RecyclableMemoryStream.Write(Byte[] buffer, Int32 offset, Int32 count) in /_/src/RecyclableMemoryStream.cs:line 997
   at System.IO.MemoryStream.WriteAsync(ReadOnlyMemory`1 buffer, CancellationToken cancellationToken)
--- End of stack trace from previous location ---
   at System.IO.Pipelines.StreamPipeWriter.FlushAsyncInternal(Boolean writeToStream, ReadOnlyMemory`1 data, CancellationToken cancellationToken)
   at Microsoft.AspNetCore.Diagnostics.DeveloperExceptionPageMiddleware.Invoke(HttpContext context)
2023-06-07 14:08:57.702 [ERR] Connection id "0HMR77SO0M9B2", Request id "0HMR77SO0M9B2:00000009": An unhandled exception was thrown by the application.
System.ObjectDisposedException: Cannot access a disposed object.
Object name: 'The stream with Id d5012da8-f18f-4195-a3af-16f9e5d07087 and Tag  is disposed.'.
   at Microsoft.IO.RecyclableMemoryStream.ThrowDisposedException() in /_/src/RecyclableMemoryStream.cs:line 1453
   at Microsoft.IO.RecyclableMemoryStream.Write(Byte[] buffer, Int32 offset, Int32 count) in /_/src/RecyclableMemoryStream.cs:line 997
   at System.IO.MemoryStream.WriteAsync(ReadOnlyMemory`1 buffer, CancellationToken cancellationToken)
--- End of stack trace from previous location ---
   at System.IO.Pipelines.StreamPipeWriter.FlushAsyncInternal(Boolean writeToStream, ReadOnlyMemory`1 data, CancellationToken cancellationToken)
   at SimApi.Service.Middleware.ErrorHandlerMiddleware.Invoke(HttpContext context) in C:\Users\bedir\Documents\workspace\C#\4- Simpra .Net Bootcamp\Assignments\aw4-bedirhansiyam\SimApi\SimApi\Middleware\ErrorHandlerMiddleware.cs:line 33
   at SimApi.Service.Middleware.HeartBeatMiddleware.Invoke(HttpContext context) in C:\Users\bedir\Documents\workspace\C#\4- Simpra .Net Bootcamp\Assignments\aw4-bedirhansiyam\SimApi\SimApi\Middleware\HeartBeatMiddleware.cs:line 25
   at Swashbuckle.AspNetCore.SwaggerUI.SwaggerUIMiddleware.Invoke(HttpContext httpContext)
   at Swashbuckle.AspNetCore.Swagger.SwaggerMiddleware.Invoke(HttpContext httpContext, ISwaggerProvider swaggerProvider)
   at Microsoft.AspNetCore.Diagnostics.DeveloperExceptionPageMiddleware.Invoke(HttpContext context)
   at Microsoft.AspNetCore.Diagnostics.DeveloperExceptionPageMiddleware.Invoke(HttpContext context)
   at Microsoft.AspNetCore.Watch.BrowserRefresh.BrowserRefreshMiddleware.InvokeAsync(HttpContext context)
   at Microsoft.AspNetCore.Server.Kestrel.Core.Internal.Http.HttpProtocol.ProcessRequests[TContext](IHttpApplication`1 application)
2023-06-07 14:09:56.849 [INF] Application is starting...
2023-06-07 14:10:04.915 [INF] LogHeartBeatMiddleware.Invoke
2023-06-07 14:10:04.919 [INF] LogErrorHandlerMiddleware.Invoke
2023-06-07 14:10:04.922 [INF] LogRequestLoggingMiddleware.Invoke
2023-06-07 14:12:00.802 [INF] Application is starting...
2023-06-07 14:12:08.918 [INF] LogHeartBeatMiddleware.Invoke
2023-06-07 14:12:08.924 [INF] LogErrorHandlerMiddleware.Invoke
2023-06-07 14:12:08.926 [INF] LogRequestLoggingMiddleware.Invoke
2023-06-07 14:14:10.634 [ERR] GetAll Exception
Npgsql.PostgresException (0x80004005): 42601: zero-length delimited identifier at or near """"

POSITION: 19
   at Npgsql.Internal.NpgsqlConnector.<ReadMessage>g__ReadMessageLong|211_0(NpgsqlConnector connector, Boolean async, DataRowLoadingMode dataRowLoadingMode, Boolean readingNotifications, Boolean isReadingPrependedMessage)
   at Npgsql.NpgsqlDataReader.NextResult(Boolean async, Boolean isConsuming, CancellationToken cancellationToken)
   at Npgsql.NpgsqlDataReader.NextResult()
   at Npgsql.NpgsqlCommand.ExecuteReader(CommandBehavior behavior, Boolean async, CancellationToken cancellationToken)
   at Npgsql.NpgsqlCommand.ExecuteReader(CommandBehavior behavior, Boolean async, CancellationToken cancellationToken)
   at Npgsql.NpgsqlCommand.ExecuteReader(CommandBehavior behavior)
   at System.Data.Common.DbCommand.System.Data.IDbCommand.ExecuteReader(CommandBehavior behavior)
   at Dapper.SqlMapper.ExecuteReaderWithFlagsFallback(IDbCommand cmd, Boolean wasClosed, CommandBehavior behavior) in /_/Dapper/SqlMapper.cs:line 1066
   at Dapper.SqlMapper.QueryImpl[T](IDbConnection cnn, CommandDefinition command, Type effectiveType)+MoveNext() in /_/Dapper/SqlMapper.cs:line 1094
   at System.Collections.Generic.List`1..ctor(IEnumerable`1 collection)
   at System.Linq.Enumerable.ToList[TSource](IEnumerable`1 source)
   at Dapper.SqlMapper.Query[T](IDbConnection cnn, String sql, Object param, IDbTransaction transaction, Boolean buffered, Nullable`1 commandTimeout, Nullable`1 commandType) in /_/Dapper/SqlMapper.cs:line 734
   at SimApi.Data.Repository.DapperRepository`1.GetAll() in C:\Users\bedir\Documents\workspace\C#\4- Simpra .Net Bootcamp\Assignments\aw4-bedirhansiyam\SimApi\SimApi.Data\Repository\Dapper\DapperRepository.cs:line 50
   at SimApi.Operation.DapperCategoryService.GetAll() in C:\Users\bedir\Documents\workspace\C#\4- Simpra .Net Bootcamp\Assignments\aw4-bedirhansiyam\SimApi\SimApi.Operation\Dapper\Category\DapperCategoryService.cs:line 52
  Exception data:
    Severity: ERROR
    SqlState: 42601
    MessageText: zero-length delimited identifier at or near """"
    Position: 19
    File: scan.l
    Line: 1192
    Routine: scanner_yyerror
2023-06-07 14:14:26.141 [INF] -------------Request-Begin------------
2023-06-07 14:14:26.144 [INF] Http Request Information: 
Schema:https 
Host: localhost:7235 
Path: /simapi/v1/DapperCategory 
QueryString:  
Request Body: 
2023-06-07 14:14:26.145 [INF] 

2023-06-07 14:14:26.146 [INF] Http Response Information: 
Schema:https 
Host: localhost:7235 
Path: /simapi/v1/DapperCategory 
QueryString:  
StatusCode: 200 
Response Body: {"success":false,"message":"42601: zero-length delimited identifier at or near \"\"\"\"\r\n\r\nPOSITION: 19","response":null}
2023-06-07 14:14:26.148 [INF] -------------Request-End------------
2023-06-07 14:17:42.682 [INF] Application is starting...
2023-06-07 14:17:50.604 [INF] LogHeartBeatMiddleware.Invoke
2023-06-07 14:17:50.611 [INF] LogErrorHandlerMiddleware.Invoke
2023-06-07 14:17:50.615 [INF] LogRequestLoggingMiddleware.Invoke
2023-06-07 14:21:17.722 [INF] Application is starting...
2023-06-07 14:21:25.758 [INF] LogHeartBeatMiddleware.Invoke
2023-06-07 14:21:25.763 [INF] LogErrorHandlerMiddleware.Invoke
2023-06-07 14:21:25.765 [INF] LogRequestLoggingMiddleware.Invoke
2023-06-07 14:25:19.607 [INF] Application is starting...
2023-06-07 14:25:28.446 [INF] LogHeartBeatMiddleware.Invoke
2023-06-07 14:25:28.452 [INF] LogErrorHandlerMiddleware.Invoke
2023-06-07 14:25:28.455 [INF] LogRequestLoggingMiddleware.Invoke
2023-06-07 14:26:53.699 [INF] -------------Request-Begin------------
2023-06-07 14:26:53.701 [INF] Http Request Information: 
Schema:https 
Host: localhost:7235 
Path: /simapi/v1/DapperCategory 
QueryString:  
Request Body: 
2023-06-07 14:26:53.702 [INF] 

2023-06-07 14:26:53.703 [INF] Http Response Information: 
Schema:https 
Host: localhost:7235 
Path: /simapi/v1/DapperCategory 
QueryString:  
StatusCode: 200 
Response Body: {"success":true,"message":"Success","response":[{"name":"sssss","order":2,"id":1},{"name":"string","order":5,"id":2},{"name":"stsadsdadring","order":1,"id":3},{"name":"strasdasding","order":2,"id":4},{"name":"aaaa","order":2,"id":5}]}
2023-06-07 14:26:53.705 [INF] -------------Request-End------------
2023-06-07 17:55:40.430 [INF] Application is starting...
2023-06-07 18:05:30.431 [INF] LogHeartBeatMiddleware.Invoke
2023-06-07 18:05:30.437 [INF] LogErrorHandlerMiddleware.Invoke
2023-06-07 18:05:30.438 [INF] LogRequestLoggingMiddleware.Invoke
2023-06-07 18:13:53.102 [INF] Application is starting...
2023-06-07 18:14:09.157 [INF] LogHeartBeatMiddleware.Invoke
2023-06-07 18:14:09.161 [INF] LogErrorHandlerMiddleware.Invoke
2023-06-07 18:14:09.164 [INF] LogRequestLoggingMiddleware.Invoke
2023-06-07 18:14:31.555 [INF] Application is starting...
2023-06-07 18:14:48.250 [INF] LogHeartBeatMiddleware.Invoke
2023-06-07 18:14:48.255 [INF] LogErrorHandlerMiddleware.Invoke
2023-06-07 18:14:48.257 [INF] LogRequestLoggingMiddleware.Invoke
2023-06-07 18:16:32.103 [INF] Application is starting...
2023-06-07 18:16:42.147 [INF] LogHeartBeatMiddleware.Invoke
2023-06-07 18:16:42.151 [INF] LogErrorHandlerMiddleware.Invoke
2023-06-07 18:16:42.154 [INF] LogRequestLoggingMiddleware.Invoke
2023-06-07 18:16:46.646 [INF] -------------Request-Begin------------
2023-06-07 18:16:46.648 [INF] Http Request Information: 
Schema:https 
Host: localhost:7235 
Path: /simapi/v1/DapperCategory 
QueryString:  
Request Body: 
2023-06-07 18:16:46.649 [INF] 

2023-06-07 18:16:46.650 [INF] Http Response Information: 
Schema:https 
Host: localhost:7235 
Path: /simapi/v1/DapperCategory 
QueryString:  
StatusCode: 200 
Response Body: {"success":true,"message":"Success","response":[{"name":"sssss","order":2,"id":1},{"name":"string","order":5,"id":2},{"name":"stsadsdadring","order":1,"id":3},{"name":"strasdasding","order":2,"id":4},{"name":"aaaa","order":2,"id":5},{"name":"dapper","order":1,"id":0}]}
2023-06-07 18:16:46.653 [INF] -------------Request-End------------
2023-06-07 18:31:52.259 [INF] Application is starting...
2023-06-07 18:32:07.710 [INF] LogHeartBeatMiddleware.Invoke
2023-06-07 18:32:07.723 [INF] LogErrorHandlerMiddleware.Invoke
2023-06-07 18:32:07.728 [INF] LogRequestLoggingMiddleware.Invoke
2023-06-07 18:33:27.450 [INF] Application is starting...
2023-06-07 18:33:46.019 [INF] LogHeartBeatMiddleware.Invoke
2023-06-07 18:33:46.023 [INF] LogErrorHandlerMiddleware.Invoke
2023-06-07 18:33:46.025 [INF] LogRequestLoggingMiddleware.Invoke
2023-06-07 18:35:56.298 [INF] Application is starting...
2023-06-07 18:36:10.219 [INF] LogHeartBeatMiddleware.Invoke
2023-06-07 18:36:10.224 [INF] LogErrorHandlerMiddleware.Invoke
2023-06-07 18:36:10.226 [INF] LogRequestLoggingMiddleware.Invoke
2023-06-07 18:39:07.320 [INF] Application is starting...
2023-06-07 18:39:22.172 [INF] LogHeartBeatMiddleware.Invoke
2023-06-07 18:39:22.176 [INF] LogErrorHandlerMiddleware.Invoke
2023-06-07 18:39:22.180 [INF] LogRequestLoggingMiddleware.Invoke
2023-06-07 18:39:58.277 [INF] Application is starting...
2023-06-07 18:40:15.126 [INF] LogHeartBeatMiddleware.Invoke
2023-06-07 18:40:15.132 [INF] LogErrorHandlerMiddleware.Invoke
2023-06-07 18:40:15.134 [INF] LogRequestLoggingMiddleware.Invoke
2023-06-07 18:41:33.943 [INF] Application is starting...
2023-06-07 18:41:44.168 [INF] Application is starting...
2023-06-07 18:42:02.944 [INF] LogHeartBeatMiddleware.Invoke
2023-06-07 18:42:02.950 [INF] LogErrorHandlerMiddleware.Invoke
2023-06-07 18:42:02.952 [INF] LogRequestLoggingMiddleware.Invoke
2023-06-07 18:45:24.255 [ERR] Insert Exception
Npgsql.PostgresException (0x80004005): 42703: column "@Name" does not exist

POSITION: 101
   at Npgsql.Internal.NpgsqlConnector.<ReadMessage>g__ReadMessageLong|211_0(NpgsqlConnector connector, Boolean async, DataRowLoadingMode dataRowLoadingMode, Boolean readingNotifications, Boolean isReadingPrependedMessage)
   at Npgsql.NpgsqlDataReader.NextResult(Boolean async, Boolean isConsuming, CancellationToken cancellationToken)
   at Npgsql.NpgsqlDataReader.NextResult()
   at Npgsql.NpgsqlCommand.ExecuteReader(CommandBehavior behavior, Boolean async, CancellationToken cancellationToken)
   at Npgsql.NpgsqlCommand.ExecuteReader(CommandBehavior behavior, Boolean async, CancellationToken cancellationToken)
   at Npgsql.NpgsqlCommand.ExecuteNonQuery(Boolean async, CancellationToken cancellationToken)
   at Npgsql.NpgsqlCommand.ExecuteNonQuery()
   at Dapper.SqlMapper.ExecuteCommand(IDbConnection cnn, CommandDefinition& command, Action`2 paramReader) in /_/Dapper/SqlMapper.cs:line 2848
   at Dapper.SqlMapper.ExecuteImpl(IDbConnection cnn, CommandDefinition& command) in /_/Dapper/SqlMapper.cs:line 581
   at Dapper.SqlMapper.Execute(IDbConnection cnn, String sql, Object param, IDbTransaction transaction, Nullable`1 commandTimeout, Nullable`1 commandType) in /_/Dapper/SqlMapper.cs:line 452
   at SimApi.Data.Repository.DapperRepository`1.Insert(Entity entity) in C:\Users\bedir\Documents\workspace\C#\4- Simpra .Net Bootcamp\Assignments\aw4-bedirhansiyam\SimApi\SimApi.Data\Repository\Dapper\DapperRepository.cs:line 74
   at SimApi.Operation.DapperCategoryService.Insert(CategoryRequest request) in C:\Users\bedir\Documents\workspace\C#\4- Simpra .Net Bootcamp\Assignments\aw4-bedirhansiyam\SimApi\SimApi.Operation\Dapper\Category\DapperCategoryService.cs:line 92
  Exception data:
    Severity: ERROR
    SqlState: 42703
    MessageText: column "@Name" does not exist
    Hint: Perhaps you meant to reference the column "Category.Name".
    Position: 101
    File: parse_relation.c
    Line: 3661
    Routine: errorMissingColumn
2023-06-07 18:45:24.369 [INF] -------------Request-Begin------------
2023-06-07 18:45:24.372 [INF] Http Request Information: 
Schema:https 
Host: localhost:7235 
Path: /simapi/v1/DapperCategory 
QueryString:  
Request Body: {"name":"dapper7","order":7}
2023-06-07 18:45:24.374 [INF] 

2023-06-07 18:45:24.375 [INF] Http Response Information: 
Schema:https 
Host: localhost:7235 
Path: /simapi/v1/DapperCategory 
QueryString:  
StatusCode: 200 
Response Body: {"success":false,"message":"42703: column \"@Name\" does not exist\r\n\r\nPOSITION: 101"}
2023-06-07 18:45:24.376 [INF] -------------Request-End------------
2023-06-07 18:45:28.707 [INF] LogHeartBeatMiddleware.Invoke
2023-06-07 18:45:28.709 [INF] LogErrorHandlerMiddleware.Invoke
2023-06-07 18:45:28.712 [INF] LogRequestLoggingMiddleware.Invoke
2023-06-07 18:47:04.282 [INF] Application is starting...
2023-06-07 18:47:22.018 [INF] LogHeartBeatMiddleware.Invoke
2023-06-07 18:47:22.022 [INF] LogErrorHandlerMiddleware.Invoke
2023-06-07 18:47:22.026 [INF] LogRequestLoggingMiddleware.Invoke
2023-06-07 18:48:11.264 [ERR] Insert Exception
Npgsql.PostgresException (0x80004005): 42703: column "@name" does not exist

POSITION: 101
   at Npgsql.Internal.NpgsqlConnector.<ReadMessage>g__ReadMessageLong|211_0(NpgsqlConnector connector, Boolean async, DataRowLoadingMode dataRowLoadingMode, Boolean readingNotifications, Boolean isReadingPrependedMessage)
   at Npgsql.NpgsqlDataReader.NextResult(Boolean async, Boolean isConsuming, CancellationToken cancellationToken)
   at Npgsql.NpgsqlDataReader.NextResult()
   at Npgsql.NpgsqlCommand.ExecuteReader(CommandBehavior behavior, Boolean async, CancellationToken cancellationToken)
   at Npgsql.NpgsqlCommand.ExecuteReader(CommandBehavior behavior, Boolean async, CancellationToken cancellationToken)
   at Npgsql.NpgsqlCommand.ExecuteNonQuery(Boolean async, CancellationToken cancellationToken)
   at Npgsql.NpgsqlCommand.ExecuteNonQuery()
   at Dapper.SqlMapper.ExecuteCommand(IDbConnection cnn, CommandDefinition& command, Action`2 paramReader) in /_/Dapper/SqlMapper.cs:line 2848
   at Dapper.SqlMapper.ExecuteImpl(IDbConnection cnn, CommandDefinition& command) in /_/Dapper/SqlMapper.cs:line 581
   at Dapper.SqlMapper.Execute(IDbConnection cnn, String sql, Object param, IDbTransaction transaction, Nullable`1 commandTimeout, Nullable`1 commandType) in /_/Dapper/SqlMapper.cs:line 452
   at SimApi.Data.Repository.DapperRepository`1.Insert(Entity entity) in C:\Users\bedir\Documents\workspace\C#\4- Simpra .Net Bootcamp\Assignments\aw4-bedirhansiyam\SimApi\SimApi.Data\Repository\Dapper\DapperRepository.cs:line 74
   at SimApi.Operation.DapperCategoryService.Insert(CategoryRequest request) in C:\Users\bedir\Documents\workspace\C#\4- Simpra .Net Bootcamp\Assignments\aw4-bedirhansiyam\SimApi\SimApi.Operation\Dapper\Category\DapperCategoryService.cs:line 92
  Exception data:
    Severity: ERROR
    SqlState: 42703
    MessageText: column "@name" does not exist
    Hint: Perhaps you meant to reference the column "Category.Name".
    Position: 101
    File: parse_relation.c
    Line: 3661
    Routine: errorMissingColumn
2023-06-07 18:48:11.359 [INF] -------------Request-Begin------------
2023-06-07 18:48:11.366 [INF] Http Request Information: 
Schema:https 
Host: localhost:7235 
Path: /simapi/v1/DapperCategory 
QueryString:  
Request Body: {"name":"dapper8","order":8}
2023-06-07 18:48:11.367 [INF] 

2023-06-07 18:48:11.368 [INF] Http Response Information: 
Schema:https 
Host: localhost:7235 
Path: /simapi/v1/DapperCategory 
QueryString:  
StatusCode: 200 
Response Body: {"success":false,"message":"42703: column \"@name\" does not exist\r\n\r\nPOSITION: 101"}
2023-06-07 18:48:11.369 [INF] -------------Request-End------------
2023-06-07 18:48:13.666 [INF] LogHeartBeatMiddleware.Invoke
2023-06-07 18:48:13.668 [INF] LogErrorHandlerMiddleware.Invoke
2023-06-07 18:48:13.670 [INF] LogRequestLoggingMiddleware.Invoke
2023-06-07 18:53:08.024 [INF] Application is starting...
2023-06-07 18:53:25.533 [INF] LogHeartBeatMiddleware.Invoke
2023-06-07 18:53:25.538 [INF] LogErrorHandlerMiddleware.Invoke
2023-06-07 18:53:25.541 [INF] LogRequestLoggingMiddleware.Invoke
2023-06-07 18:53:30.892 [ERR] Insert Exception
Npgsql.PostgresException (0x80004005): 42703: column "@Name" does not exist

POSITION: 101
   at Npgsql.Internal.NpgsqlConnector.<ReadMessage>g__ReadMessageLong|211_0(NpgsqlConnector connector, Boolean async, DataRowLoadingMode dataRowLoadingMode, Boolean readingNotifications, Boolean isReadingPrependedMessage)
   at Npgsql.NpgsqlDataReader.NextResult(Boolean async, Boolean isConsuming, CancellationToken cancellationToken)
   at Npgsql.NpgsqlDataReader.NextResult()
   at Npgsql.NpgsqlCommand.ExecuteReader(CommandBehavior behavior, Boolean async, CancellationToken cancellationToken)
   at Npgsql.NpgsqlCommand.ExecuteReader(CommandBehavior behavior, Boolean async, CancellationToken cancellationToken)
   at Npgsql.NpgsqlCommand.ExecuteNonQuery(Boolean async, CancellationToken cancellationToken)
   at Npgsql.NpgsqlCommand.ExecuteNonQuery()
   at Dapper.SqlMapper.ExecuteCommand(IDbConnection cnn, CommandDefinition& command, Action`2 paramReader) in /_/Dapper/SqlMapper.cs:line 2848
   at Dapper.SqlMapper.ExecuteImpl(IDbConnection cnn, CommandDefinition& command) in /_/Dapper/SqlMapper.cs:line 581
   at Dapper.SqlMapper.Execute(IDbConnection cnn, String sql, Object param, IDbTransaction transaction, Nullable`1 commandTimeout, Nullable`1 commandType) in /_/Dapper/SqlMapper.cs:line 452
   at SimApi.Data.Repository.DapperRepository`1.Insert(Entity entity) in C:\Users\bedir\Documents\workspace\C#\4- Simpra .Net Bootcamp\Assignments\aw4-bedirhansiyam\SimApi\SimApi.Data\Repository\Dapper\DapperRepository.cs:line 74
   at SimApi.Operation.DapperCategoryService.Insert(CategoryRequest request) in C:\Users\bedir\Documents\workspace\C#\4- Simpra .Net Bootcamp\Assignments\aw4-bedirhansiyam\SimApi\SimApi.Operation\Dapper\Category\DapperCategoryService.cs:line 92
  Exception data:
    Severity: ERROR
    SqlState: 42703
    MessageText: column "@Name" does not exist
    Hint: Perhaps you meant to reference the column "Category.Name".
    Position: 101
    File: parse_relation.c
    Line: 3661
    Routine: errorMissingColumn
2023-06-07 18:53:42.036 [INF] Application is starting...
2023-06-07 18:54:01.768 [INF] LogHeartBeatMiddleware.Invoke
2023-06-07 18:54:01.773 [INF] LogErrorHandlerMiddleware.Invoke
2023-06-07 18:54:01.775 [INF] LogRequestLoggingMiddleware.Invoke
2023-06-07 18:55:02.869 [ERR] Insert Exception
Npgsql.PostgresException (0x80004005): 42703: column "@Name" does not exist

POSITION: 101
   at Npgsql.Internal.NpgsqlConnector.<ReadMessage>g__ReadMessageLong|211_0(NpgsqlConnector connector, Boolean async, DataRowLoadingMode dataRowLoadingMode, Boolean readingNotifications, Boolean isReadingPrependedMessage)
   at Npgsql.NpgsqlDataReader.NextResult(Boolean async, Boolean isConsuming, CancellationToken cancellationToken)
   at Npgsql.NpgsqlDataReader.NextResult()
   at Npgsql.NpgsqlCommand.ExecuteReader(CommandBehavior behavior, Boolean async, CancellationToken cancellationToken)
   at Npgsql.NpgsqlCommand.ExecuteReader(CommandBehavior behavior, Boolean async, CancellationToken cancellationToken)
   at Npgsql.NpgsqlCommand.ExecuteNonQuery(Boolean async, CancellationToken cancellationToken)
   at Npgsql.NpgsqlCommand.ExecuteNonQuery()
   at Dapper.SqlMapper.ExecuteCommand(IDbConnection cnn, CommandDefinition& command, Action`2 paramReader) in /_/Dapper/SqlMapper.cs:line 2848
   at Dapper.SqlMapper.ExecuteImpl(IDbConnection cnn, CommandDefinition& command) in /_/Dapper/SqlMapper.cs:line 581
   at Dapper.SqlMapper.Execute(IDbConnection cnn, String sql, Object param, IDbTransaction transaction, Nullable`1 commandTimeout, Nullable`1 commandType) in /_/Dapper/SqlMapper.cs:line 452
   at SimApi.Data.Repository.DapperRepository`1.Insert(Entity entity) in C:\Users\bedir\Documents\workspace\C#\4- Simpra .Net Bootcamp\Assignments\aw4-bedirhansiyam\SimApi\SimApi.Data\Repository\Dapper\DapperRepository.cs:line 74
   at SimApi.Operation.DapperCategoryService.Insert(CategoryRequest request) in C:\Users\bedir\Documents\workspace\C#\4- Simpra .Net Bootcamp\Assignments\aw4-bedirhansiyam\SimApi\SimApi.Operation\Dapper\Category\DapperCategoryService.cs:line 92
  Exception data:
    Severity: ERROR
    SqlState: 42703
    MessageText: column "@Name" does not exist
    Hint: Perhaps you meant to reference the column "Category.Name".
    Position: 101
    File: parse_relation.c
    Line: 3661
    Routine: errorMissingColumn
2023-06-07 18:55:29.610 [INF] Application is starting...
2023-06-07 18:55:43.461 [INF] LogHeartBeatMiddleware.Invoke
2023-06-07 18:55:43.466 [INF] LogErrorHandlerMiddleware.Invoke
2023-06-07 18:55:43.468 [INF] LogRequestLoggingMiddleware.Invoke
2023-06-07 18:56:18.727 [INF] -------------Request-Begin------------
2023-06-07 18:56:18.730 [INF] Http Request Information: 
Schema:https 
Host: localhost:7235 
Path: /simapi/v1/DapperCategory 
QueryString:  
Request Body: {"name":"dapper11","order":11}
2023-06-07 18:56:18.732 [INF] 

2023-06-07 18:56:18.734 [INF] Http Response Information: 
Schema:https 
Host: localhost:7235 
Path: /simapi/v1/DapperCategory 
QueryString:  
StatusCode: 200 
Response Body: {"success":true,"message":null}
2023-06-07 18:56:18.735 [INF] -------------Request-End------------
2023-06-07 18:56:26.151 [INF] LogHeartBeatMiddleware.Invoke
2023-06-07 18:56:26.152 [INF] LogErrorHandlerMiddleware.Invoke
2023-06-07 18:56:26.154 [INF] LogRequestLoggingMiddleware.Invoke
2023-06-07 18:56:29.721 [INF] -------------Request-Begin------------
2023-06-07 18:56:29.727 [INF] Http Request Information: 
Schema:https 
Host: localhost:7235 
Path: /simapi/v1/DapperCategory 
QueryString:  
Request Body: 
2023-06-07 18:56:29.729 [INF] 

2023-06-07 18:56:29.730 [INF] Http Response Information: 
Schema:https 
Host: localhost:7235 
Path: /simapi/v1/DapperCategory 
QueryString:  
StatusCode: 200 
Response Body: {"success":true,"message":"Success","response":[{"name":"sssss","order":2,"id":1},{"name":"string","order":5,"id":2},{"name":"stsadsdadring","order":1,"id":3},{"name":"strasdasding","order":2,"id":4},{"name":"aaaa","order":2,"id":5},{"name":"dapper","order":1,"id":0},{"name":"dapper11","order":11,"id":6}]}
2023-06-07 18:56:29.732 [INF] -------------Request-End------------
2023-06-07 18:56:48.173 [INF] LogHeartBeatMiddleware.Invoke
2023-06-07 18:56:48.175 [INF] LogErrorHandlerMiddleware.Invoke
2023-06-07 18:56:48.176 [INF] LogRequestLoggingMiddleware.Invoke
2023-06-07 18:58:00.965 [INF] -------------Request-Begin------------
2023-06-07 18:58:00.968 [INF] Http Request Information: 
Schema:https 
Host: localhost:7235 
Path: /simapi/v1/DapperCategory/6 
QueryString:  
Request Body: 
2023-06-07 18:58:00.971 [INF] 

2023-06-07 18:58:00.974 [INF] Http Response Information: 
Schema:https 
Host: localhost:7235 
Path: /simapi/v1/DapperCategory/6 
QueryString:  
StatusCode: 200 
Response Body: {"success":true,"message":"Success","response":{"name":"dapper11","order":11,"id":6}}
2023-06-07 18:58:00.975 [INF] -------------Request-End------------
2023-06-07 20:05:08.093 [INF] LogHeartBeatMiddleware.Invoke
2023-06-07 20:05:08.104 [INF] LogErrorHandlerMiddleware.Invoke
2023-06-07 20:05:08.105 [INF] LogRequestLoggingMiddleware.Invoke
2023-06-07 20:08:48.536 [INF] Application is starting...
2023-06-07 20:09:05.869 [INF] LogHeartBeatMiddleware.Invoke
2023-06-07 20:09:05.873 [INF] LogErrorHandlerMiddleware.Invoke
2023-06-07 20:09:05.876 [INF] LogRequestLoggingMiddleware.Invoke
2023-06-07 20:10:01.895 [INF] Application is starting...
2023-06-07 20:10:18.905 [INF] LogHeartBeatMiddleware.Invoke
2023-06-07 20:10:18.910 [INF] LogErrorHandlerMiddleware.Invoke
2023-06-07 20:10:18.912 [INF] LogRequestLoggingMiddleware.Invoke
2023-06-07 20:11:17.944 [INF] Application is starting...
2023-06-07 20:11:40.775 [INF] LogHeartBeatMiddleware.Invoke
2023-06-07 20:11:40.780 [INF] LogErrorHandlerMiddleware.Invoke
2023-06-07 20:11:40.783 [INF] LogRequestLoggingMiddleware.Invoke
2023-06-07 20:12:24.761 [INF] -------------Request-Begin------------
2023-06-07 20:12:24.764 [INF] Http Request Information: 
Schema:https 
Host: localhost:7235 
Path: /simapi/v1/DapperCategory/6 
QueryString:  
Request Body: {"name":"dapper17","order":17}
2023-06-07 20:12:24.766 [INF] 

2023-06-07 20:12:24.768 [INF] Http Response Information: 
Schema:https 
Host: localhost:7235 
Path: /simapi/v1/DapperCategory/6 
QueryString:  
StatusCode: 200 
Response Body: {"success":true,"message":null}
2023-06-07 20:12:24.769 [INF] -------------Request-End------------
2023-06-07 20:12:36.907 [INF] LogHeartBeatMiddleware.Invoke
2023-06-07 20:12:36.908 [INF] LogErrorHandlerMiddleware.Invoke
2023-06-07 20:12:36.909 [INF] LogRequestLoggingMiddleware.Invoke
2023-06-07 20:12:39.362 [INF] -------------Request-Begin------------
2023-06-07 20:12:39.365 [INF] Http Request Information: 
Schema:https 
Host: localhost:7235 
Path: /simapi/v1/DapperCategory/6 
QueryString:  
Request Body: 
2023-06-07 20:12:39.367 [INF] 

2023-06-07 20:12:39.368 [INF] Http Response Information: 
Schema:https 
Host: localhost:7235 
Path: /simapi/v1/DapperCategory/6 
QueryString:  
StatusCode: 200 
Response Body: {"success":true,"message":"Success","response":{"name":"dapper17","order":17,"id":6}}
2023-06-07 20:12:39.370 [INF] -------------Request-End------------
2023-06-07 20:13:28.761 [INF] LogHeartBeatMiddleware.Invoke
2023-06-07 20:13:28.771 [INF] LogErrorHandlerMiddleware.Invoke
2023-06-07 20:13:28.780 [INF] LogRequestLoggingMiddleware.Invoke
2023-06-07 20:14:33.671 [INF] -------------Request-Begin------------
2023-06-07 20:14:33.675 [INF] Http Request Information: 
Schema:https 
Host: localhost:7235 
Path: /simapi/v1/DapperCategory/6 
QueryString:  
Request Body: 
2023-06-07 20:14:33.677 [INF] 

2023-06-07 20:14:33.678 [INF] Http Response Information: 
Schema:https 
Host: localhost:7235 
Path: /simapi/v1/DapperCategory/6 
QueryString:  
StatusCode: 200 
Response Body: {"success":true,"message":null}
2023-06-07 20:14:33.679 [INF] -------------Request-End------------
2023-06-07 20:14:43.551 [INF] LogHeartBeatMiddleware.Invoke
2023-06-07 20:14:43.553 [INF] LogErrorHandlerMiddleware.Invoke
2023-06-07 20:14:43.554 [INF] LogRequestLoggingMiddleware.Invoke
2023-06-07 20:14:45.119 [INF] -------------Request-Begin------------
2023-06-07 20:14:45.122 [INF] Http Request Information: 
Schema:https 
Host: localhost:7235 
Path: /simapi/v1/DapperCategory 
QueryString:  
Request Body: 
2023-06-07 20:14:45.123 [INF] 

2023-06-07 20:14:45.124 [INF] Http Response Information: 
Schema:https 
Host: localhost:7235 
Path: /simapi/v1/DapperCategory 
QueryString:  
StatusCode: 200 
Response Body: {"success":true,"message":"Success","response":[{"name":"sssss","order":2,"id":1},{"name":"string","order":5,"id":2},{"name":"stsadsdadring","order":1,"id":3},{"name":"strasdasding","order":2,"id":4},{"name":"aaaa","order":2,"id":5},{"name":"dapper","order":1,"id":0}]}
2023-06-07 20:14:45.128 [INF] -------------Request-End------------
2023-06-07 20:21:32.840 [INF] Application is starting...
2023-06-07 20:21:44.159 [INF] LogHeartBeatMiddleware.Invoke
2023-06-07 20:21:44.163 [INF] LogErrorHandlerMiddleware.Invoke
2023-06-07 20:21:44.165 [INF] LogRequestLoggingMiddleware.Invoke
2023-06-07 20:21:47.726 [INF] -------------Request-Begin------------
2023-06-07 20:21:47.729 [INF] Http Request Information: 
Schema:https 
Host: localhost:7235 
Path: /simapi/v1/DapperCategory 
QueryString:  
Request Body: 
2023-06-07 20:21:47.730 [INF] 

2023-06-07 20:21:47.731 [INF] Http Response Information: 
Schema:https 
Host: localhost:7235 
Path: /simapi/v1/DapperCategory 
QueryString:  
StatusCode: 200 
Response Body: {"success":true,"message":"Success","response":[{"name":"sssss","order":2,"id":1},{"name":"string","order":5,"id":2},{"name":"stsadsdadring","order":1,"id":3},{"name":"strasdasding","order":2,"id":4},{"name":"aaaa","order":2,"id":5},{"name":"dapper","order":1,"id":0}]}
2023-06-07 20:21:47.733 [INF] -------------Request-End------------
